c:\users\upal\desktop\projects_v10.1.14\done\sinkhole_aodv\32bit\code\dll\aodv.lib
c:\users\upal\desktop\projects_v10.1.14\done\sinkhole_aodv\32bit\code\dll\aodv.exp
c:\users\upal\desktop\projects_v10.1.14\done\sinkhole_aodv\32bit\code\aodv\debug\vc140.pdb
c:\users\upal\desktop\projects_v10.1.14\done\sinkhole_aodv\32bit\code\aodv\debug\vc140.idb
c:\users\upal\desktop\projects_v10.1.14\done\sinkhole_aodv\32bit\code\aodv\debug\aodv.obj
c:\users\upal\desktop\projects_v10.1.14\done\sinkhole_aodv\32bit\code\aodv\debug\aodv_checkroutefound.obj
c:\users\upal\desktop\projects_v10.1.14\done\sinkhole_aodv\32bit\code\aodv\debug\aodv_routeerror.obj
c:\users\upal\desktop\projects_v10.1.14\done\sinkhole_aodv\32bit\code\aodv\debug\fifobuffer.obj
c:\users\upal\desktop\projects_v10.1.14\done\sinkhole_aodv\32bit\code\aodv\debug\generalpacketprocessing.obj
c:\users\upal\desktop\projects_v10.1.14\done\sinkhole_aodv\32bit\code\aodv\debug\hellomessage.obj
c:\users\upal\desktop\projects_v10.1.14\done\sinkhole_aodv\32bit\code\aodv\debug\malicious.obj
c:\users\upal\desktop\projects_v10.1.14\done\sinkhole_aodv\32bit\code\aodv\debug\routemaint.obj
c:\users\upal\desktop\projects_v10.1.14\done\sinkhole_aodv\32bit\code\aodv\debug\routetable.obj
c:\users\upal\desktop\projects_v10.1.14\done\sinkhole_aodv\32bit\code\aodv\debug\rrep.obj
c:\users\upal\desktop\projects_v10.1.14\done\sinkhole_aodv\32bit\code\aodv\debug\rreq.obj
c:\users\upal\desktop\projects_v10.1.14\done\sinkhole_aodv\32bit\code\dll\libaodv.dll
c:\users\upal\desktop\projects_v10.1.14\done\sinkhole_aodv\32bit\code\dll\aodv.pdb
c:\users\upal\desktop\v10.1.17\sinkhole_aodv\32bit\code\aodv\debug\aodv.obj
c:\users\upal\desktop\v10.1.17\sinkhole_aodv\32bit\code\aodv\debug\aodv_checkroutefound.obj
c:\users\upal\desktop\v10.1.17\sinkhole_aodv\32bit\code\aodv\debug\aodv_routeerror.obj
c:\users\upal\desktop\v10.1.17\sinkhole_aodv\32bit\code\aodv\debug\fifobuffer.obj
c:\users\upal\desktop\v10.1.17\sinkhole_aodv\32bit\code\aodv\debug\generalpacketprocessing.obj
c:\users\upal\desktop\v10.1.17\sinkhole_aodv\32bit\code\aodv\debug\hellomessage.obj
c:\users\upal\desktop\v10.1.17\sinkhole_aodv\32bit\code\aodv\debug\malicious.obj
c:\users\upal\desktop\v10.1.17\sinkhole_aodv\32bit\code\aodv\debug\routemaint.obj
c:\users\upal\desktop\v10.1.17\sinkhole_aodv\32bit\code\aodv\debug\routetable.obj
c:\users\upal\desktop\v10.1.17\sinkhole_aodv\32bit\code\aodv\debug\rrep.obj
c:\users\upal\desktop\v10.1.17\sinkhole_aodv\32bit\code\aodv\debug\rreq.obj
c:\users\upal\desktop\v10.1.17\sinkhole_aodv\32bit\code\aodv\debug\vc140.idb
c:\users\upal\desktop\v10.1.17\sinkhole_aodv\32bit\code\aodv\debug\vc140.pdb
c:\users\upal\desktop\v10.1.17\sinkhole_aodv\32bit\code\aodv\debug\aodv.tlog\aodv.write.1u.tlog
c:\users\upal\desktop\v10.1.17\sinkhole_aodv\32bit\code\aodv\debug\aodv.tlog\cl.command.1.tlog
c:\users\upal\desktop\v10.1.17\sinkhole_aodv\32bit\code\aodv\debug\aodv.tlog\cl.read.1.tlog
c:\users\upal\desktop\v10.1.17\sinkhole_aodv\32bit\code\aodv\debug\aodv.tlog\cl.write.1.tlog
c:\users\upal\desktop\v10.1.17\sinkhole_aodv\32bit\code\aodv\debug\aodv.tlog\link.command.1.tlog
c:\users\upal\desktop\v10.1.17\sinkhole_aodv\32bit\code\aodv\debug\aodv.tlog\link.read.1.tlog
c:\users\upal\desktop\v10.1.17\sinkhole_aodv\32bit\code\aodv\debug\aodv.tlog\link.write.1.tlog
